<?xml version="1.0" encoding="UTF-8"?>
<testng-results skipped="0" failed="0" total="1" passed="1">
  <reporter-output>
  </reporter-output>
  <suite name="Suite" duration-ms="8656" started-at="2016-12-26T08:08:01Z" finished-at="2016-12-26T08:08:10Z">
    <groups>
    </groups>
    <test name="Test" duration-ms="8656" started-at="2016-12-26T08:08:01Z" finished-at="2016-12-26T08:08:10Z">
      <class name="GmailMaven.GmailMavenScm.GmailLogin">
        <test-method status="PASS" signature="setUp()[pri:0, instance:GmailMaven.GmailMavenScm.GmailLogin@566776ad]" name="setUp" is-config="true" duration-ms="3651" started-at="2016-12-26T00:08:01Z" finished-at="2016-12-26T00:08:05Z">
          <reporter-output>
          </reporter-output>
        </test-method> <!-- setUp -->
        <test-method status="PASS" signature="LoginTest()[pri:0, instance:GmailMaven.GmailMavenScm.GmailLogin@566776ad]" name="LoginTest" duration-ms="3836" started-at="2016-12-26T00:08:05Z" finished-at="2016-12-26T00:08:09Z">
          <reporter-output>
          </reporter-output>
        </test-method> <!-- LoginTest -->
        <test-method status="PASS" signature="tearDown()[pri:0, instance:GmailMaven.GmailMavenScm.GmailLogin@566776ad]" name="tearDown" is-config="true" duration-ms="1153" started-at="2016-12-26T00:08:09Z" finished-at="2016-12-26T00:08:10Z">
          <reporter-output>
          </reporter-output>
        </test-method> <!-- tearDown -->
      </class> <!-- GmailMaven.GmailMavenScm.GmailLogin -->
    </test> <!-- Test -->
  </suite> <!-- Suite -->
</testng-results>
