<?xml version="1.0" encoding="UTF-8"?>
<testng-results skipped="0" failed="0" total="1" passed="1">
  <reporter-output>
  </reporter-output>
  <suite name="Suite" duration-ms="12068" started-at="2016-12-26T23:08:54Z" finished-at="2016-12-26T23:09:06Z">
    <groups>
    </groups>
    <test name="Test" duration-ms="12068" started-at="2016-12-26T23:08:54Z" finished-at="2016-12-26T23:09:06Z">
      <class name="GmailMaven.GmailMavenScm.GmailLogin">
        <test-method status="PASS" signature="setUp()[pri:0, instance:GmailMaven.GmailMavenScm.GmailLogin@2f7a2457]" name="setUp" is-config="true" duration-ms="4378" started-at="2016-12-26T15:08:54Z" finished-at="2016-12-26T15:08:58Z">
          <reporter-output>
          </reporter-output>
        </test-method> <!-- setUp -->
        <test-method status="PASS" signature="LoginTest()[pri:0, instance:GmailMaven.GmailMavenScm.GmailLogin@2f7a2457]" name="LoginTest" duration-ms="5399" started-at="2016-12-26T15:08:58Z" finished-at="2016-12-26T15:09:03Z">
          <reporter-output>
          </reporter-output>
        </test-method> <!-- LoginTest -->
        <test-method status="PASS" signature="tearDown()[pri:0, instance:GmailMaven.GmailMavenScm.GmailLogin@2f7a2457]" name="tearDown" is-config="true" duration-ms="2277" started-at="2016-12-26T15:09:03Z" finished-at="2016-12-26T15:09:06Z">
          <reporter-output>
          </reporter-output>
        </test-method> <!-- tearDown -->
      </class> <!-- GmailMaven.GmailMavenScm.GmailLogin -->
    </test> <!-- Test -->
  </suite> <!-- Suite -->
</testng-results>
