<?xml version="1.0" encoding="UTF-8"?>
<testng-results skipped="0" failed="0" total="1" passed="1">
  <reporter-output>
  </reporter-output>
  <suite name="Default suite" duration-ms="9170" started-at="2016-12-26T06:54:47Z" finished-at="2016-12-26T06:54:56Z">
    <groups>
    </groups>
    <test name="Default test" duration-ms="9170" started-at="2016-12-26T06:54:47Z" finished-at="2016-12-26T06:54:56Z">
      <class name="GmailMaven.GmailMavenScm.GmailLogin">
        <test-method status="PASS" signature="setUp()[pri:0, instance:GmailMaven.GmailMavenScm.GmailLogin@cc285f4]" name="setUp" is-config="true" duration-ms="4169" started-at="2016-12-25T22:54:47Z" finished-at="2016-12-25T22:54:51Z">
          <reporter-output>
          </reporter-output>
        </test-method> <!-- setUp -->
        <test-method status="PASS" signature="LoginTest()[pri:0, instance:GmailMaven.GmailMavenScm.GmailLogin@cc285f4]" name="LoginTest" duration-ms="3444" started-at="2016-12-25T22:54:51Z" finished-at="2016-12-25T22:54:54Z">
          <reporter-output>
          </reporter-output>
        </test-method> <!-- LoginTest -->
        <test-method status="PASS" signature="tearDown()[pri:0, instance:GmailMaven.GmailMavenScm.GmailLogin@cc285f4]" name="tearDown" is-config="true" duration-ms="1533" started-at="2016-12-25T22:54:54Z" finished-at="2016-12-25T22:54:56Z">
          <reporter-output>
          </reporter-output>
        </test-method> <!-- tearDown -->
      </class> <!-- GmailMaven.GmailMavenScm.GmailLogin -->
    </test> <!-- Default test -->
  </suite> <!-- Default suite -->
</testng-results>
